app/build/intermediates/manifest_merge_blame_file/debug/manifest-merger-blame-debug-report.txt
1<?xml version="1.0" encoding="utf-8"?>
2<manifest xmlns:android="http://schemas.android.com/apk/res/android"
3    package="prieto.fernando.android.plugin"
4    android:versionCode="1"
5    android:versionName="1.0" >
6
7    <uses-sdk
8        android:minSdkVersion="26"
8-->src/main/AndroidManifest.xml
9        android:targetSdkVersion="29" />
9-->src/main/AndroidManifest.xml
10
11    <uses-permission android:name="android.permission.INTERNET" />
11-->src/main/AndroidManifest.xml:6:5-67
11-->src/main/AndroidManifest.xml:6:22-64
12    <uses-permission android:name="android.permission.ACCESS_NETWORK_STATE" />
12-->src/main/AndroidManifest.xml:7:5-79
12-->src/main/AndroidManifest.xml:7:22-76
13
14    <application
14-->src/main/AndroidManifest.xml:9:5-28:19
15        android:name="prieto.fernando.template.TemplateApp"
15-->src/main/AndroidManifest.xml:13:9-60
16        android:allowBackup="true"
16-->src/main/AndroidManifest.xml:10:9-35
17        android:appComponentFactory="androidx.core.app.CoreComponentFactory"
17-->[androidx.core:core:1.1.0] AndroidManifest.xml:24:18-86
18        android:debuggable="true"
19        android:extractNativeLibs="false"
20        android:icon="@mipmap/ic_launcher"
20-->src/main/AndroidManifest.xml:11:9-43
21        android:label="@string/app_name"
21-->src/main/AndroidManifest.xml:12:9-41
22        android:roundIcon="@mipmap/ic_launcher_round"
22-->src/main/AndroidManifest.xml:14:9-54
23        android:supportsRtl="true"
23-->src/main/AndroidManifest.xml:15:9-35
24        android:testOnly="true"
25        android:theme="@style/AppTheme"
25-->src/main/AndroidManifest.xml:16:9-40
26        android:usesCleartextTraffic="true" >
26-->src/main/AndroidManifest.xml:17:9-44
27        <activity
27-->src/main/AndroidManifest.xml:19:9-27:20
28            android:name="prieto.fernando.template.ui.MainActivity"
28-->src/main/AndroidManifest.xml:19:19-74
29            android:screenOrientation="portrait" >
29-->src/main/AndroidManifest.xml:20:13-49
30            <intent-filter>
30-->src/main/AndroidManifest.xml:22:13-26:29
31                <action android:name="android.intent.action.MAIN" />
31-->src/main/AndroidManifest.xml:23:17-69
31-->src/main/AndroidManifest.xml:23:25-66
32
33                <category android:name="android.intent.category.LAUNCHER" />
33-->src/main/AndroidManifest.xml:25:17-77
33-->src/main/AndroidManifest.xml:25:27-74
34            </intent-filter>
35        </activity>
36
37        <provider
37-->[androidx.lifecycle:lifecycle-process:2.2.0-rc01] AndroidManifest.xml:25:9-29:43
38            android:name="androidx.lifecycle.ProcessLifecycleOwnerInitializer"
38-->[androidx.lifecycle:lifecycle-process:2.2.0-rc01] AndroidManifest.xml:26:13-79
39            android:authorities="prieto.fernando.android.plugin.lifecycle-process"
39-->[androidx.lifecycle:lifecycle-process:2.2.0-rc01] AndroidManifest.xml:27:13-69
40            android:exported="false"
40-->[androidx.lifecycle:lifecycle-process:2.2.0-rc01] AndroidManifest.xml:28:13-37
41            android:multiprocess="true" />
41-->[androidx.lifecycle:lifecycle-process:2.2.0-rc01] AndroidManifest.xml:29:13-40
42    </application>
43
44</manifest>